# JRE version: OpenJDK Runtime Environment (8.0_152-b01) (build 1.8.0_152-release-915-b01)
# Java VM: OpenJDK 64-Bit Server VM (25.152-b01 mixed mode linux-amd64 compressed oops)
Heap:
 PSYoungGen      total 294400K, used 249267K [0x00000000eab00000, 0x00000000ffa80000, 0x0000000100000000)
  eden space 248320K, 92% used [0x00000000eab00000,0x00000000f8becd18,0x00000000f9d80000)
  from space 46080K, 41% used [0x00000000fcd80000,0x00000000fe000000,0x00000000ffa80000)
  to   space 47616K, 0% used [0x00000000f9d80000,0x00000000f9d80000,0x00000000fcc00000)
 ParOldGen       total 349696K, used 227852K [0x00000000c0000000, 0x00000000d5580000, 0x00000000eab00000)
  object space 349696K, 65% used [0x00000000c0000000,0x00000000cde83278,0x00000000d5580000)
 Metaspace       used 135713K, capacity 148302K, committed 148440K, reserved 1177600K
  class space    used 17059K, capacity 19692K, committed 19712K, reserved 1048576K
GC Heap History (10 events):
Event: 21577.518 GC heap before
{Heap before GC invocations=78 (full 10):
 PSYoungGen      total 291328K, used 238204K [0x00000000eab00000, 0x0000000100000000, 0x0000000100000000)
  eden space 233472K, 99% used [0x00000000eab00000,0x00000000f8e8ed08,0x00000000f8f00000)
  from space 57856K, 8% used [0x00000000f8f00000,0x00000000f94105b8,0x00000000fc780000)
  to   space 56832K, 0% used [0x00000000fc880000,0x00000000fc880000,0x0000000100000000)
 ParOldGen       total 349696K, used 219744K [0x00000000c0000000, 0x00000000d5580000, 0x00000000eab00000)
  object space 349696K, 62% used [0x00000000c0000000,0x00000000cd6981a8,0x00000000d5580000)
 Metaspace       used 132361K, capacity 143092K, committed 144984K, reserved 1175552K
  class space    used 16454K, capacity 18640K, committed 19072K, reserved 1048576K
Event: 21577.554 GC heap after
Heap after GC invocations=78 (full 10):
 PSYoungGen      total 285184K, used 9324K [0x00000000eab00000, 0x00000000ffa00000, 0x0000000100000000)
  eden space 234496K, 0% used [0x00000000eab00000,0x00000000eab00000,0x00000000f9000000)
  from space 50688K, 18% used [0x00000000fc880000,0x00000000fd19b3b8,0x00000000ffa00000)
  to   space 54272K, 0% used [0x00000000f9000000,0x00000000f9000000,0x00000000fc500000)
 ParOldGen       total 349696K, used 220040K [0x00000000c0000000, 0x00000000d5580000, 0x00000000eab00000)
  object space 349696K, 62% used [0x00000000c0000000,0x00000000cd6e2208,0x00000000d5580000)
 Metaspace       used 132361K, capacity 143092K, committed 144984K, reserved 1175552K
  class space    used 16454K, capacity 18640K, committed 19072K, reserved 1048576K
}
Event: 21579.359 GC heap before
{Heap before GC invocations=79 (full 10):
 PSYoungGen      total 285184K, used 243398K [0x00000000eab00000, 0x00000000ffa00000, 0x0000000100000000)
  eden space 234496K, 99% used [0x00000000eab00000,0x00000000f8f96820,0x00000000f9000000)
  from space 50688K, 18% used [0x00000000fc880000,0x00000000fd19b3b8,0x00000000ffa00000)
  to   space 54272K, 0% used [0x00000000f9000000,0x00000000f9000000,0x00000000fc500000)
 ParOldGen       total 349696K, used 220040K [0x00000000c0000000, 0x00000000d5580000, 0x00000000eab00000)
  object space 349696K, 62% used [0x00000000c0000000,0x00000000cd6e2208,0x00000000d5580000)
 Metaspace       used 132430K, capacity 143182K, committed 144984K, reserved 1175552K
  class space    used 16456K, capacity 18643K, committed 19072K, reserved 1048576K
Event: 21579.385 GC heap after
Heap after GC invocations=79 (full 10):
 PSYoungGen      total 288768K, used 3889K [0x00000000eab00000, 0x0000000100000000, 0x0000000100000000)
  eden space 234496K, 0% used [0x00000000eab00000,0x00000000eab00000,0x00000000f9000000)
  from space 54272K, 7% used [0x00000000f9000000,0x00000000f93cc5a8,0x00000000fc500000)
  to   space 52736K, 0% used [0x00000000fcc80000,0x00000000fcc80000,0x0000000100000000)
 ParOldGen       total 349696K, used 220224K [0x00000000c0000000, 0x00000000d5580000, 0x00000000eab00000)
  object space 349696K, 62% used [0x00000000c0000000,0x00000000cd710218,0x00000000d5580000)
 Metaspace       used 132430K, capacity 143182K, committed 144984K, reserved 1175552K
  class space    used 16456K, capacity 18643K, committed 19072K, reserved 1048576K
}
Event: 21579.538 GC heap before
{Heap before GC invocations=80 (full 10):
 PSYoungGen      total 288768K, used 237908K [0x00000000eab00000, 0x0000000100000000, 0x0000000100000000)
  eden space 234496K, 99% used [0x00000000eab00000,0x00000000f8f88df0,0x00000000f9000000)
  from space 54272K, 7% used [0x00000000f9000000,0x00000000f93cc5a8,0x00000000fc500000)
  to   space 52736K, 0% used [0x00000000fcc80000,0x00000000fcc80000,0x0000000100000000)
 ParOldGen       total 349696K, used 220224K [0x00000000c0000000, 0x00000000d5580000, 0x00000000eab00000)
  object space 349696K, 62% used [0x00000000c0000000,0x00000000cd710218,0x00000000d5580000)
 Metaspace       used 132431K, capacity 143182K, committed 144984K, reserved 1175552K
  class space    used 16456K, capacity 18643K, committed 19072K, reserved 1048576K
Event: 21579.588 GC heap after
Heap after GC invocations=80 (full 10):
 PSYoungGen      total 291328K, used 32K [0x00000000eab00000, 0x00000000ffc80000, 0x0000000100000000)
  eden space 242176K, 0% used [0x00000000eab00000,0x00000000eab00000,0x00000000f9780000)
  from space 49152K, 0% used [0x00000000fcc80000,0x00000000fcc88000,0x00000000ffc80000)
  to   space 51712K, 0% used [0x00000000f9780000,0x00000000f9780000,0x00000000fca00000)
 ParOldGen       total 349696K, used 221325K [0x00000000c0000000, 0x00000000d5580000, 0x00000000eab00000)
  object space 349696K, 63% used [0x00000000c0000000,0x00000000cd8236b8,0x00000000d5580000)
 Metaspace       used 132431K, capacity 143182K, committed 144984K, reserved 1175552K
  class space    used 16456K, capacity 18643K, committed 19072K, reserved 1048576K
}
Event: 22572.507 GC heap before
{Heap before GC invocations=81 (full 10):
 PSYoungGen      total 291328K, used 242208K [0x00000000eab00000, 0x00000000ffc80000, 0x0000000100000000)
  eden space 242176K, 100% used [0x00000000eab00000,0x00000000f9780000,0x00000000f9780000)
  from space 49152K, 0% used [0x00000000fcc80000,0x00000000fcc88000,0x00000000ffc80000)
  to   space 51712K, 0% used [0x00000000f9780000,0x00000000f9780000,0x00000000fca00000)
 ParOldGen       total 349696K, used 221325K [0x00000000c0000000, 0x00000000d5580000, 0x00000000eab00000)
  object space 349696K, 63% used [0x00000000c0000000,0x00000000cd8236b8,0x00000000d5580000)
 Metaspace       used 133905K, capacity 145432K, committed 146008K, reserved 1175552K
  class space    used 16703K, capacity 19093K, committed 19328K, reserved 1048576K
Event: 22572.591 GC heap after
Heap after GC invocations=81 (full 10):
 PSYoungGen      total 293888K, used 8156K [0x00000000eab00000, 0x00000000ffd80000, 0x0000000100000000)
  eden space 242176K, 0% used [0x00000000eab00000,0x00000000eab00000,0x00000000f9780000)
  from space 51712K, 15% used [0x00000000f9780000,0x00000000f9f77280,0x00000000fca00000)
  to   space 49152K, 0% used [0x00000000fcd80000,0x00000000fcd80000,0x00000000ffd80000)
 ParOldGen       total 349696K, used 221349K [0x00000000c0000000, 0x00000000d5580000, 0x00000000eab00000)
  object space 349696K, 63% used [0x00000000c0000000,0x00000000cd8296b8,0x00000000d5580000)
 Metaspace       used 133905K, capacity 145432K, committed 146008K, reserved 1175552K
  class space    used 16703K, capacity 19093K, committed 19328K, reserved 1048576K
}
Event: 22585.236 GC heap before
{Heap before GC invocations=82 (full 10):
 PSYoungGen      total 293888K, used 250332K [0x00000000eab00000, 0x00000000ffd80000, 0x0000000100000000)
  eden space 242176K, 100% used [0x00000000eab00000,0x00000000f9780000,0x00000000f9780000)
  from space 51712K, 15% used [0x00000000f9780000,0x00000000f9f77280,0x00000000fca00000)
  to   space 49152K, 0% used [0x00000000fcd80000,0x00000000fcd80000,0x00000000ffd80000)
 ParOldGen       total 349696K, used 221349K [0x00000000c0000000, 0x00000000d5580000, 0x00000000eab00000)
  object space 349696K, 63% used [0x00000000c0000000,0x00000000cd8296b8,0x00000000d5580000)
 Metaspace       used 134824K, capacity 146774K, committed 146904K, reserved 1177600K
  class space    used 16918K, capacity 19423K, committed 19456K, reserved 1048576K
Event: 22585.301 GC heap after
Heap after GC invocations=82 (full 10):
 PSYoungGen      total 294400K, used 18944K [0x00000000eab00000, 0x00000000ffa80000, 0x0000000100000000)
  eden space 248320K, 0% used [0x00000000eab00000,0x00000000eab00000,0x00000000f9d80000)
  from space 46080K, 41% used [0x00000000fcd80000,0x00000000fe000000,0x00000000ffa80000)
  to   space 47616K, 0% used [0x00000000f9d80000,0x00000000f9d80000,0x00000000fcc00000)
 ParOldGen       total 349696K, used 227852K [0x00000000c0000000, 0x00000000d5580000, 0x00000000eab00000)
  object space 349696K, 65% used [0x00000000c0000000,0x00000000cde83278,0x00000000d5580000)
 Metaspace       used 134824K, capacity 146774K, committed 146904K, reserved 1177600K
  class space    used 16918K, capacity 19423K, committed 19456K, reserved 1048576K
}

